<?xml version="1.0" encoding="utf-8"?><testsuites name="pytest tests"><testsuite name="pytest" errors="0" failures="0" skipped="0" tests="9" time="2.946" timestamp="2026-02-14T16:17:30.932210+00:00" hostname="agent-env-6e6f7af0-80ba-48e6-a540-1348864bf1df"><testcase classname="backend.tests.test_contact_api.TestHealthCheck" name="test_api_root_returns_200" time="0.299" /><testcase classname="backend.tests.test_contact_api.TestContactAPI" name="test_submit_contact_form_success" time="1.137" /><testcase classname="backend.tests.test_contact_api.TestContactAPI" name="test_submit_contact_form_minimal_fields" time="0.127" /><testcase classname="backend.tests.test_contact_api.TestContactAPI" name="test_submit_contact_form_missing_required_fields" time="0.424" /><testcase classname="backend.tests.test_contact_api.TestContactAPI" name="test_submit_contact_form_invalid_email" time="0.166" /><testcase classname="backend.tests.test_contact_api.TestContactAPI" name="test_get_contact_submissions" time="0.172" /><testcase classname="backend.tests.test_contact_api.TestContactAPI" name="test_contact_form_persistence" time="0.214" /><testcase classname="backend.tests.test_contact_api.TestStatusAPI" name="test_post_status_check" time="0.163" /><testcase classname="backend.tests.test_contact_api.TestStatusAPI" name="test_get_status_checks" time="0.132" /></testsuite></testsuites>